# JRE version: OpenJDK Runtime Environment (17.0.6) (build 17.0.6+0-b2043.56-9586694)
# Java VM: OpenJDK 64-Bit Server VM (17.0.6+0-b2043.56-9586694, mixed mode, tiered, compressed oops, compressed class ptrs, g1 gc, windows-amd64)
GC Precious Log:
 CPUs: 4 total, 4 available
 Memory: 8078M
 Large Page Support: Disabled
 NUMA Support: Disabled
 Compressed Oops: Enabled (32-bit)
 Heap Region Size: 1M
 Heap Min Capacity: 8M
 Heap Initial Capacity: 128M
 Heap Max Capacity: 2G
 Pre-touch: Disabled
 Parallel Workers: 4
 Concurrent Workers: 1
 Concurrent Refinement Workers: 4
 Periodic GC: Disabled
Heap:
 garbage-first heap   total 478208K, used 130422K [0x0000000080000000, 0x0000000100000000)
  region size 1024K, 4 young (4096K), 4 survivors (4096K)
 Metaspace       used 135966K, committed 138048K, reserved 1171456K
  class space    used 18051K, committed 19072K, reserved 1048576K
GC Heap History (20 events):
Event: 3511.063 GC heap after
{Heap after GC invocations=86 (full 0):
 garbage-first heap   total 478208K, used 120138K [0x0000000080000000, 0x0000000100000000)
  region size 1024K, 2 young (2048K), 2 survivors (2048K)
 Metaspace       used 134440K, committed 136448K, reserved 1171456K
  class space    used 17952K, committed 18944K, reserved 1048576K
}
Event: 3513.109 GC heap before
{Heap before GC invocations=86 (full 0):
 garbage-first heap   total 478208K, used 152906K [0x0000000080000000, 0x0000000100000000)
  region size 1024K, 36 young (36864K), 2 survivors (2048K)
 Metaspace       used 134579K, committed 136576K, reserved 1171456K
  class space    used 17952K, committed 18944K, reserved 1048576K
}
Event: 3513.115 GC heap after
{Heap after GC invocations=87 (full 0):
 garbage-first heap   total 478208K, used 120777K [0x0000000080000000, 0x0000000100000000)
  region size 1024K, 3 young (3072K), 3 survivors (3072K)
 Metaspace       used 134579K, committed 136576K, reserved 1171456K
  class space    used 17952K, committed 18944K, reserved 1048576K
}
Event: 3976.972 GC heap before
{Heap before GC invocations=88 (full 0):
 garbage-first heap   total 478208K, used 434121K [0x0000000080000000, 0x0000000100000000)
  region size 1024K, 256 young (262144K), 3 survivors (3072K)
 Metaspace       used 134759K, committed 136832K, reserved 1171456K
  class space    used 17955K, committed 18944K, reserved 1048576K
}
Event: 3977.011 GC heap after
{Heap after GC invocations=89 (full 0):
 garbage-first heap   total 478208K, used 131650K [0x0000000080000000, 0x0000000100000000)
  region size 1024K, 14 young (14336K), 14 survivors (14336K)
 Metaspace       used 134759K, committed 136832K, reserved 1171456K
  class space    used 17955K, committed 18944K, reserved 1048576K
}
Event: 3977.089 GC heap before
{Heap before GC invocations=89 (full 0):
 garbage-first heap   total 478208K, used 139842K [0x0000000080000000, 0x0000000100000000)
  region size 1024K, 23 young (23552K), 14 survivors (14336K)
 Metaspace       used 134760K, committed 136832K, reserved 1171456K
  class space    used 17955K, committed 18944K, reserved 1048576K
}
Event: 3977.123 GC heap after
{Heap after GC invocations=90 (full 0):
 garbage-first heap   total 478208K, used 127207K [0x0000000080000000, 0x0000000100000000)
  region size 1024K, 2 young (2048K), 2 survivors (2048K)
 Metaspace       used 134760K, committed 136832K, reserved 1171456K
  class space    used 17955K, committed 18944K, reserved 1048576K
}
Event: 3977.297 GC heap before
{Heap before GC invocations=90 (full 0):
 garbage-first heap   total 478208K, used 144615K [0x0000000080000000, 0x0000000100000000)
  region size 1024K, 20 young (20480K), 2 survivors (2048K)
 Metaspace       used 134769K, committed 136832K, reserved 1171456K
  class space    used 17955K, committed 18944K, reserved 1048576K
}
Event: 3977.301 GC heap after
{Heap after GC invocations=91 (full 0):
 garbage-first heap   total 478208K, used 126333K [0x0000000080000000, 0x0000000100000000)
  region size 1024K, 2 young (2048K), 2 survivors (2048K)
 Metaspace       used 134769K, committed 136832K, reserved 1171456K
  class space    used 17955K, committed 18944K, reserved 1048576K
}
Event: 4145.773 GC heap before
{Heap before GC invocations=92 (full 0):
 garbage-first heap   total 478208K, used 427389K [0x0000000080000000, 0x0000000100000000)
  region size 1024K, 252 young (258048K), 2 survivors (2048K)
 Metaspace       used 135013K, committed 137024K, reserved 1171456K
  class space    used 17960K, committed 18944K, reserved 1048576K
}
Event: 4145.787 GC heap after
{Heap after GC invocations=93 (full 0):
 garbage-first heap   total 478208K, used 129767K [0x0000000080000000, 0x0000000100000000)
  region size 1024K, 5 young (5120K), 5 survivors (5120K)
 Metaspace       used 135013K, committed 137024K, reserved 1171456K
  class space    used 17960K, committed 18944K, reserved 1048576K
}
Event: 4145.968 GC heap before
{Heap before GC invocations=93 (full 0):
 garbage-first heap   total 478208K, used 147175K [0x0000000080000000, 0x0000000100000000)
  region size 1024K, 23 young (23552K), 5 survivors (5120K)
 Metaspace       used 135038K, committed 137024K, reserved 1171456K
  class space    used 17960K, committed 18944K, reserved 1048576K
}
Event: 4145.989 GC heap after
{Heap after GC invocations=94 (full 0):
 garbage-first heap   total 478208K, used 125952K [0x0000000080000000, 0x0000000100000000)
  region size 1024K, 3 young (3072K), 3 survivors (3072K)
 Metaspace       used 135038K, committed 137024K, reserved 1171456K
  class space    used 17960K, committed 18944K, reserved 1048576K
}
Event: 4146.026 GC heap before
{Heap before GC invocations=94 (full 0):
 garbage-first heap   total 478208K, used 131072K [0x0000000080000000, 0x0000000100000000)
  region size 1024K, 10 young (10240K), 3 survivors (3072K)
 Metaspace       used 135057K, committed 137152K, reserved 1171456K
  class space    used 17960K, committed 18944K, reserved 1048576K
}
Event: 4146.034 GC heap after
{Heap after GC invocations=95 (full 0):
 garbage-first heap   total 478208K, used 126259K [0x0000000080000000, 0x0000000100000000)
  region size 1024K, 4 young (4096K), 4 survivors (4096K)
 Metaspace       used 135057K, committed 137152K, reserved 1171456K
  class space    used 17960K, committed 18944K, reserved 1048576K
}
Event: 4240.190 GC heap before
{Heap before GC invocations=96 (full 0):
 garbage-first heap   total 478208K, used 436531K [0x0000000080000000, 0x0000000100000000)
  region size 1024K, 263 young (269312K), 4 survivors (4096K)
 Metaspace       used 135681K, committed 137792K, reserved 1171456K
  class space    used 18050K, committed 19072K, reserved 1048576K
}
Event: 4240.226 GC heap after
{Heap after GC invocations=97 (full 0):
 garbage-first heap   total 478208K, used 136109K [0x0000000080000000, 0x0000000100000000)
  region size 1024K, 13 young (13312K), 13 survivors (13312K)
 Metaspace       used 135681K, committed 137792K, reserved 1171456K
  class space    used 18050K, committed 19072K, reserved 1048576K
}
Event: 4240.484 GC heap before
{Heap before GC invocations=97 (full 0):
 garbage-first heap   total 478208K, used 146349K [0x0000000080000000, 0x0000000100000000)
  region size 1024K, 23 young (23552K), 13 survivors (13312K)
 Metaspace       used 135681K, committed 137792K, reserved 1171456K
  class space    used 18050K, committed 19072K, reserved 1048576K
}
Event: 4240.509 GC heap after
{Heap after GC invocations=98 (full 0):
 garbage-first heap   total 478208K, used 128546K [0x0000000080000000, 0x0000000100000000)
  region size 1024K, 2 young (2048K), 2 survivors (2048K)
 Metaspace       used 135681K, committed 137792K, reserved 1171456K
  class space    used 18050K, committed 19072K, reserved 1048576K
}
Event: 4247.765 GC heap before
{Heap before GC invocations=98 (full 0):
 garbage-first heap   total 478208K, used 246306K [0x0000000080000000, 0x0000000100000000)
  region size 1024K, 119 young (121856K), 2 survivors (2048K)
 Metaspace       used 135966K, committed 138048K, reserved 1171456K
  class space    used 18051K, committed 19072K, reserved 1048576K
}

